<?xml version="1.0" encoding="UTF-8"?>
<coverage generated="1783015376811" clover="3.2.0">
  <project timestamp="1783015376811" name="All files">
    <metrics statements="10" coveredstatements="9" conditionals="13" coveredconditionals="9" methods="3" coveredmethods="3" elements="26" coveredelements="21" complexity="0" loc="10" ncloc="10" packages="1" files="1" classes="1"/>
    <file name="validation.js" path="/Users/alejandro.toscano/Desktop/Universidad/Sw Seguro/Tercer Parcial/Laboratorios/Lab 3/taller-app-reservas/auth-service/src/utils/validation.js">
      <metrics statements="10" coveredstatements="9" conditionals="13" coveredconditionals="9" methods="3" coveredmethods="3"/>
      <line num="2" count="3" type="cond" truecount="1" falsecount="1"/>
      <line num="3" count="3" type="stmt"/>
      <line num="7" count="1" type="cond" truecount="2" falsecount="0"/>
      <line num="11" count="1" type="stmt"/>
      <line num="12" count="1" type="cond" truecount="4" falsecount="1"/>
      <line num="13" count="0" type="stmt"/>
      <line num="15" count="1" type="cond" truecount="1" falsecount="1"/>
      <line num="16" count="1" type="cond" truecount="1" falsecount="1"/>
      <line num="17" count="1" type="stmt"/>
      <line num="20" count="1" type="stmt"/>
    </file>
  </project>
</coverage>
