<?xml version="1.0" encoding="UTF-8"?>
<coverage generated="1783010565987" clover="3.2.0">
  <project timestamp="1783010565987" name="All files">
    <metrics statements="14" coveredstatements="14" conditionals="13" coveredconditionals="11" methods="3" coveredmethods="3" elements="30" coveredelements="28" complexity="0" loc="14" ncloc="14" packages="1" files="1" classes="1"/>
    <file name="validation.js" path="/Users/alejandro.toscano/Desktop/Universidad/Sw Seguro/Tercer Parcial/Laboratorios/Lab 3/taller-app-reservas/auth-service/src/utils/validation.js">
      <metrics statements="14" coveredstatements="14" conditionals="13" coveredconditionals="11" methods="3" coveredmethods="3"/>
      <line num="7" count="5" type="cond" truecount="1" falsecount="1"/>
      <line num="8" count="5" type="stmt"/>
      <line num="9" count="5" type="stmt"/>
      <line num="13" count="4" type="cond" truecount="1" falsecount="1"/>
      <line num="14" count="4" type="stmt"/>
      <line num="18" count="2" type="stmt"/>
      <line num="20" count="2" type="cond" truecount="5" falsecount="0"/>
      <line num="21" count="1" type="stmt"/>
      <line num="23" count="2" type="cond" truecount="2" falsecount="0"/>
      <line num="24" count="1" type="stmt"/>
      <line num="26" count="2" type="cond" truecount="2" falsecount="0"/>
      <line num="27" count="1" type="stmt"/>
      <line num="30" count="2" type="stmt"/>
      <line num="33" count="1" type="stmt"/>
    </file>
  </project>
</coverage>
