{"/Users/alejandro.toscano/Desktop/Universidad/Sw Seguro/Tercer Parcial/Laboratorios/Lab 3/taller-app-reservas/auth-service/src/utils/validation.js": {"path":"/Users/alejandro.toscano/Desktop/Universidad/Sw Seguro/Tercer Parcial/Laboratorios/Lab 3/taller-app-reservas/auth-service/src/utils/validation.js","statementMap":{"0":{"start":{"line":2,"column":2},"end":{"line":2,"column":46}},"1":{"start":{"line":2,"column":33},"end":{"line":2,"column":46}},"2":{"start":{"line":3,"column":2},"end":{"line":3,"column":57}},"3":{"start":{"line":7,"column":2},"end":{"line":7,"column":62}},"4":{"start":{"line":11,"column":17},"end":{"line":11,"column":19}},"5":{"start":{"line":12,"column":2},"end":{"line":14,"column":3}},"6":{"start":{"line":13,"column":4},"end":{"line":13,"column":62}},"7":{"start":{"line":15,"column":2},"end":{"line":15,"column":71}},"8":{"start":{"line":15,"column":28},"end":{"line":15,"column":71}},"9":{"start":{"line":16,"column":2},"end":{"line":16,"column":96}},"10":{"start":{"line":16,"column":34},"end":{"line":16,"column":96}},"11":{"start":{"line":17,"column":2},"end":{"line":17,"column":48}},"12":{"start":{"line":20,"column":0},"end":{"line":20,"column":78}}},"fnMap":{"0":{"name":"isValidEmail","decl":{"start":{"line":1,"column":9},"end":{"line":1,"column":21}},"loc":{"start":{"line":1,"column":29},"end":{"line":4,"column":1}},"line":1},"1":{"name":"isValidPassword","decl":{"start":{"line":6,"column":9},"end":{"line":6,"column":24}},"loc":{"start":{"line":6,"column":35},"end":{"line":8,"column":1}},"line":6},"2":{"name":"validateRegistrationInput","decl":{"start":{"line":10,"column":9},"end":{"line":10,"column":34}},"loc":{"start":{"line":10,"column":62},"end":{"line":18,"column":1}},"line":10}},"branchMap":{"0":{"loc":{"start":{"line":2,"column":2},"end":{"line":2,"column":46}},"type":"if","locations":[{"start":{"line":2,"column":2},"end":{"line":2,"column":46}},{"start":{},"end":{}}],"line":2},"1":{"loc":{"start":{"line":7,"column":9},"end":{"line":7,"column":61}},"type":"binary-expr","locations":[{"start":{"line":7,"column":9},"end":{"line":7,"column":37}},{"start":{"line":7,"column":41},"end":{"line":7,"column":61}}],"line":7},"2":{"loc":{"start":{"line":12,"column":2},"end":{"line":14,"column":3}},"type":"if","locations":[{"start":{"line":12,"column":2},"end":{"line":14,"column":3}},{"start":{},"end":{}}],"line":12},"3":{"loc":{"start":{"line":12,"column":6},"end":{"line":12,"column":65}},"type":"binary-expr","locations":[{"start":{"line":12,"column":6},"end":{"line":12,"column":11}},{"start":{"line":12,"column":15},"end":{"line":12,"column":39}},{"start":{"line":12,"column":43},"end":{"line":12,"column":65}}],"line":12},"4":{"loc":{"start":{"line":15,"column":2},"end":{"line":15,"column":71}},"type":"if","locations":[{"start":{"line":15,"column":2},"end":{"line":15,"column":71}},{"start":{},"end":{}}],"line":15},"5":{"loc":{"start":{"line":16,"column":2},"end":{"line":16,"column":96}},"type":"if","locations":[{"start":{"line":16,"column":2},"end":{"line":16,"column":96}},{"start":{},"end":{}}],"line":16}},"s":{"0":3,"1":0,"2":3,"3":1,"4":1,"5":1,"6":0,"7":1,"8":0,"9":1,"10":0,"11":1,"12":1},"f":{"0":3,"1":1,"2":1},"b":{"0":[0,3],"1":[1,1],"2":[0,1],"3":[1,1,1],"4":[0,1],"5":[0,1]},"_coverageSchema":"1a1c01bbd47fc00a2c39e90264f33305004495a9","hash":"16d1b13afee0dcb711b14e00f307d5d433987f18"}
}
