{"/Users/alejandro.toscano/Desktop/Universidad/Sw Seguro/Tercer Parcial/Laboratorios/Lab 3/taller-app-reservas/auth-service/src/utils/validation.js": {"path":"/Users/alejandro.toscano/Desktop/Universidad/Sw Seguro/Tercer Parcial/Laboratorios/Lab 3/taller-app-reservas/auth-service/src/utils/validation.js","statementMap":{"0":{"start":{"line":7,"column":2},"end":{"line":7,"column":46}},"1":{"start":{"line":7,"column":33},"end":{"line":7,"column":46}},"2":{"start":{"line":8,"column":21},"end":{"line":8,"column":49}},"3":{"start":{"line":9,"column":2},"end":{"line":9,"column":39}},"4":{"start":{"line":13,"column":2},"end":{"line":13,"column":49}},"5":{"start":{"line":13,"column":36},"end":{"line":13,"column":49}},"6":{"start":{"line":14,"column":2},"end":{"line":14,"column":30}},"7":{"start":{"line":18,"column":17},"end":{"line":18,"column":19}},"8":{"start":{"line":20,"column":2},"end":{"line":22,"column":3}},"9":{"start":{"line":21,"column":4},"end":{"line":21,"column":62}},"10":{"start":{"line":23,"column":2},"end":{"line":25,"column":3}},"11":{"start":{"line":24,"column":4},"end":{"line":24,"column":47}},"12":{"start":{"line":26,"column":2},"end":{"line":28,"column":3}},"13":{"start":{"line":27,"column":4},"end":{"line":27,"column":66}},"14":{"start":{"line":30,"column":2},"end":{"line":30,"column":48}},"15":{"start":{"line":33,"column":0},"end":{"line":33,"column":78}}},"fnMap":{"0":{"name":"isValidEmail","decl":{"start":{"line":6,"column":9},"end":{"line":6,"column":21}},"loc":{"start":{"line":6,"column":29},"end":{"line":10,"column":1}},"line":6},"1":{"name":"isValidPassword","decl":{"start":{"line":12,"column":9},"end":{"line":12,"column":24}},"loc":{"start":{"line":12,"column":35},"end":{"line":15,"column":1}},"line":12},"2":{"name":"validateRegistrationInput","decl":{"start":{"line":17,"column":9},"end":{"line":17,"column":34}},"loc":{"start":{"line":17,"column":62},"end":{"line":31,"column":1}},"line":17}},"branchMap":{"0":{"loc":{"start":{"line":7,"column":2},"end":{"line":7,"column":46}},"type":"if","locations":[{"start":{"line":7,"column":2},"end":{"line":7,"column":46}},{"start":{},"end":{}}],"line":7},"1":{"loc":{"start":{"line":13,"column":2},"end":{"line":13,"column":49}},"type":"if","locations":[{"start":{"line":13,"column":2},"end":{"line":13,"column":49}},{"start":{},"end":{}}],"line":13},"2":{"loc":{"start":{"line":20,"column":2},"end":{"line":22,"column":3}},"type":"if","locations":[{"start":{"line":20,"column":2},"end":{"line":22,"column":3}},{"start":{},"end":{}}],"line":20},"3":{"loc":{"start":{"line":20,"column":6},"end":{"line":20,"column":65}},"type":"binary-expr","locations":[{"start":{"line":20,"column":6},"end":{"line":20,"column":11}},{"start":{"line":20,"column":15},"end":{"line":20,"column":39}},{"start":{"line":20,"column":43},"end":{"line":20,"column":65}}],"line":20},"4":{"loc":{"start":{"line":23,"column":2},"end":{"line":25,"column":3}},"type":"if","locations":[{"start":{"line":23,"column":2},"end":{"line":25,"column":3}},{"start":{},"end":{}}],"line":23},"5":{"loc":{"start":{"line":26,"column":2},"end":{"line":28,"column":3}},"type":"if","locations":[{"start":{"line":26,"column":2},"end":{"line":28,"column":3}},{"start":{},"end":{}}],"line":26}},"s":{"0":5,"1":0,"2":5,"3":5,"4":4,"5":0,"6":4,"7":2,"8":2,"9":1,"10":2,"11":1,"12":2,"13":1,"14":2,"15":1},"f":{"0":5,"1":4,"2":2},"b":{"0":[0,5],"1":[0,4],"2":[1,1],"3":[2,2,2],"4":[1,1],"5":[1,1]},"_coverageSchema":"1a1c01bbd47fc00a2c39e90264f33305004495a9","hash":"d99a520d41f4a0ef94e916fd134f5b251eda1a18"}
}
