TN:
SF:src/utils/validation.js
FN:6,isValidEmail
FN:12,isValidPassword
FN:17,validateRegistrationInput
FNF:3
FNH:3
FNDA:5,isValidEmail
FNDA:4,isValidPassword
FNDA:2,validateRegistrationInput
DA:7,5
DA:8,5
DA:9,5
DA:13,4
DA:14,4
DA:18,2
DA:20,2
DA:21,1
DA:23,2
DA:24,1
DA:26,2
DA:27,1
DA:30,2
DA:33,1
LF:14
LH:14
BRDA:7,0,0,0
BRDA:7,0,1,5
BRDA:13,1,0,0
BRDA:13,1,1,4
BRDA:20,2,0,1
BRDA:20,2,1,1
BRDA:20,3,0,2
BRDA:20,3,1,2
BRDA:20,3,2,2
BRDA:23,4,0,1
BRDA:23,4,1,1
BRDA:26,5,0,1
BRDA:26,5,1,1
BRF:13
BRH:11
end_of_record
