<?xml version="1.0" encoding="UTF-8"?>
<coverage generated="1783015381346" clover="3.2.0">
  <project timestamp="1783015381346" name="All files">
    <metrics statements="17" coveredstatements="8" conditionals="26" coveredconditionals="12" methods="4" coveredmethods="2" elements="47" coveredelements="22" complexity="0" loc="17" ncloc="17" packages="1" files="2" classes="2"/>
    <file name="orderUtils.js" path="/Users/alejandro.toscano/Desktop/Universidad/Sw Seguro/Tercer Parcial/Laboratorios/Lab 3/taller-app-reservas/orders-service/src/orderUtils.js">
      <metrics statements="11" coveredstatements="8" conditionals="22" coveredconditionals="12" methods="3" coveredmethods="2"/>
      <line num="2" count="2" type="cond" truecount="4" falsecount="0"/>
      <line num="3" count="1" type="cond" truecount="1" falsecount="1"/>
      <line num="4" count="1" type="cond" truecount="3" falsecount="1"/>
      <line num="5" count="1" type="stmt"/>
      <line num="9" count="1" type="cond" truecount="1" falsecount="1"/>
      <line num="10" count="1" type="cond" truecount="3" falsecount="1"/>
      <line num="11" count="1" type="stmt"/>
      <line num="15" count="0" type="cond" truecount="0" falsecount="2"/>
      <line num="16" count="0" type="cond" truecount="0" falsecount="4"/>
      <line num="17" count="0" type="stmt"/>
      <line num="20" count="1" type="stmt"/>
    </file>
    <file name="paymentHandler.js" path="/Users/alejandro.toscano/Desktop/Universidad/Sw Seguro/Tercer Parcial/Laboratorios/Lab 3/taller-app-reservas/orders-service/src/paymentHandler.js">
      <metrics statements="6" coveredstatements="0" conditionals="4" coveredconditionals="0" methods="1" coveredmethods="0"/>
      <line num="2" count="0" type="stmt"/>
      <line num="4" count="0" type="cond" truecount="0" falsecount="4"/>
      <line num="5" count="0" type="stmt"/>
      <line num="8" count="0" type="stmt"/>
      <line num="10" count="0" type="stmt"/>
      <line num="17" count="0" type="stmt"/>
    </file>
  </project>
</coverage>
