{"/Users/alejandro.toscano/Desktop/Universidad/Sw Seguro/Tercer Parcial/Laboratorios/Lab 3/taller-app-reservas/orders-service/src/orderUtils.js": {"path":"/Users/alejandro.toscano/Desktop/Universidad/Sw Seguro/Tercer Parcial/Laboratorios/Lab 3/taller-app-reservas/orders-service/src/orderUtils.js","statementMap":{"0":{"start":{"line":2,"column":2},"end":{"line":2,"column":56}},"1":{"start":{"line":2,"column":43},"end":{"line":2,"column":56}},"2":{"start":{"line":3,"column":2},"end":{"line":3,"column":48}},"3":{"start":{"line":3,"column":35},"end":{"line":3,"column":48}},"4":{"start":{"line":4,"column":2},"end":{"line":4,"column":71}},"5":{"start":{"line":4,"column":58},"end":{"line":4,"column":71}},"6":{"start":{"line":5,"column":2},"end":{"line":5,"column":14}},"7":{"start":{"line":9,"column":2},"end":{"line":9,"column":27}},"8":{"start":{"line":9,"column":18},"end":{"line":9,"column":27}},"9":{"start":{"line":10,"column":2},"end":{"line":10,"column":37}},"10":{"start":{"line":10,"column":28},"end":{"line":10,"column":37}},"11":{"start":{"line":11,"column":2},"end":{"line":11,"column":46}},"12":{"start":{"line":15,"column":2},"end":{"line":15,"column":27}},"13":{"start":{"line":15,"column":18},"end":{"line":15,"column":27}},"14":{"start":{"line":16,"column":2},"end":{"line":16,"column":37}},"15":{"start":{"line":16,"column":28},"end":{"line":16,"column":37}},"16":{"start":{"line":17,"column":2},"end":{"line":17,"column":46}},"17":{"start":{"line":20,"column":0},"end":{"line":20,"column":77}}},"fnMap":{"0":{"name":"validateOrder","decl":{"start":{"line":1,"column":9},"end":{"line":1,"column":22}},"loc":{"start":{"line":1,"column":30},"end":{"line":6,"column":1}},"line":1},"1":{"name":"calculateDiscount","decl":{"start":{"line":8,"column":9},"end":{"line":8,"column":26}},"loc":{"start":{"line":8,"column":40},"end":{"line":12,"column":1}},"line":8},"2":{"name":"calculateDiscountCopy","decl":{"start":{"line":14,"column":9},"end":{"line":14,"column":30}},"loc":{"start":{"line":14,"column":44},"end":{"line":18,"column":1}},"line":14}},"branchMap":{"0":{"loc":{"start":{"line":2,"column":2},"end":{"line":2,"column":56}},"type":"if","locations":[{"start":{"line":2,"column":2},"end":{"line":2,"column":56}},{"start":{},"end":{}}],"line":2},"1":{"loc":{"start":{"line":2,"column":6},"end":{"line":2,"column":41}},"type":"binary-expr","locations":[{"start":{"line":2,"column":6},"end":{"line":2,"column":12}},{"start":{"line":2,"column":16},"end":{"line":2,"column":41}}],"line":2},"2":{"loc":{"start":{"line":3,"column":2},"end":{"line":3,"column":48}},"type":"if","locations":[{"start":{"line":3,"column":2},"end":{"line":3,"column":48}},{"start":{},"end":{}}],"line":3},"3":{"loc":{"start":{"line":4,"column":2},"end":{"line":4,"column":71}},"type":"if","locations":[{"start":{"line":4,"column":2},"end":{"line":4,"column":71}},{"start":{},"end":{}}],"line":4},"4":{"loc":{"start":{"line":4,"column":6},"end":{"line":4,"column":56}},"type":"binary-expr","locations":[{"start":{"line":4,"column":6},"end":{"line":4,"column":37}},{"start":{"line":4,"column":41},"end":{"line":4,"column":56}}],"line":4},"5":{"loc":{"start":{"line":9,"column":2},"end":{"line":9,"column":27}},"type":"if","locations":[{"start":{"line":9,"column":2},"end":{"line":9,"column":27}},{"start":{},"end":{}}],"line":9},"6":{"loc":{"start":{"line":10,"column":2},"end":{"line":10,"column":37}},"type":"if","locations":[{"start":{"line":10,"column":2},"end":{"line":10,"column":37}},{"start":{},"end":{}}],"line":10},"7":{"loc":{"start":{"line":10,"column":6},"end":{"line":10,"column":26}},"type":"binary-expr","locations":[{"start":{"line":10,"column":6},"end":{"line":10,"column":14}},{"start":{"line":10,"column":18},"end":{"line":10,"column":26}}],"line":10},"8":{"loc":{"start":{"line":15,"column":2},"end":{"line":15,"column":27}},"type":"if","locations":[{"start":{"line":15,"column":2},"end":{"line":15,"column":27}},{"start":{},"end":{}}],"line":15},"9":{"loc":{"start":{"line":16,"column":2},"end":{"line":16,"column":37}},"type":"if","locations":[{"start":{"line":16,"column":2},"end":{"line":16,"column":37}},{"start":{},"end":{}}],"line":16},"10":{"loc":{"start":{"line":16,"column":6},"end":{"line":16,"column":26}},"type":"binary-expr","locations":[{"start":{"line":16,"column":6},"end":{"line":16,"column":14}},{"start":{"line":16,"column":18},"end":{"line":16,"column":26}}],"line":16}},"s":{"0":2,"1":1,"2":1,"3":0,"4":1,"5":0,"6":1,"7":1,"8":0,"9":1,"10":0,"11":1,"12":0,"13":0,"14":0,"15":0,"16":0,"17":1},"f":{"0":2,"1":1,"2":0},"b":{"0":[1,1],"1":[2,1],"2":[0,1],"3":[0,1],"4":[1,1],"5":[0,1],"6":[0,1],"7":[1,1],"8":[0,0],"9":[0,0],"10":[0,0]},"_coverageSchema":"1a1c01bbd47fc00a2c39e90264f33305004495a9","hash":"e2b98a8cdb415880fd5e2a8f58834771f00366ff"}
,"/Users/alejandro.toscano/Desktop/Universidad/Sw Seguro/Tercer Parcial/Laboratorios/Lab 3/taller-app-reservas/orders-service/src/paymentHandler.js": {"path":"/Users/alejandro.toscano/Desktop/Universidad/Sw Seguro/Tercer Parcial/Laboratorios/Lab 3/taller-app-reservas/orders-service/src/paymentHandler.js","statementMap":{"0":{"start":{"line":2,"column":2},"end":{"line":2,"column":58}},"1":{"start":{"line":4,"column":2},"end":{"line":6,"column":3}},"2":{"start":{"line":5,"column":4},"end":{"line":5,"column":56}},"3":{"start":{"line":8,"column":16},"end":{"line":8,"column":97}},"4":{"start":{"line":10,"column":2},"end":{"line":14,"column":4}},"5":{"start":{"line":17,"column":0},"end":{"line":17,"column":36}}},"fnMap":{"0":{"name":"processPayment","decl":{"start":{"line":1,"column":9},"end":{"line":1,"column":23}},"loc":{"start":{"line":1,"column":44},"end":{"line":15,"column":1}},"line":1}},"branchMap":{"0":{"loc":{"start":{"line":4,"column":2},"end":{"line":6,"column":3}},"type":"if","locations":[{"start":{"line":4,"column":2},"end":{"line":6,"column":3}},{"start":{},"end":{}}],"line":4},"1":{"loc":{"start":{"line":4,"column":6},"end":{"line":4,"column":28}},"type":"binary-expr","locations":[{"start":{"line":4,"column":6},"end":{"line":4,"column":13}},{"start":{"line":4,"column":17},"end":{"line":4,"column":28}}],"line":4}},"s":{"0":0,"1":0,"2":0,"3":0,"4":0,"5":0},"f":{"0":0},"b":{"0":[0,0],"1":[0,0]}}
}
