TN:
SF:src/orderUtils.js
FN:1,validateOrder
FN:8,calculateDiscount
FN:14,calculateDiscountCopy
FNF:3
FNH:2
FNDA:2,validateOrder
FNDA:1,calculateDiscount
FNDA:0,calculateDiscountCopy
DA:2,2
DA:3,1
DA:4,1
DA:5,1
DA:9,1
DA:10,1
DA:11,1
DA:15,0
DA:16,0
DA:17,0
DA:20,1
LF:11
LH:8
BRDA:2,0,0,1
BRDA:2,0,1,1
BRDA:2,1,0,2
BRDA:2,1,1,1
BRDA:3,2,0,0
BRDA:3,2,1,1
BRDA:4,3,0,0
BRDA:4,3,1,1
BRDA:4,4,0,1
BRDA:4,4,1,1
BRDA:9,5,0,0
BRDA:9,5,1,1
BRDA:10,6,0,0
BRDA:10,6,1,1
BRDA:10,7,0,1
BRDA:10,7,1,1
BRDA:15,8,0,0
BRDA:15,8,1,0
BRDA:16,9,0,0
BRDA:16,9,1,0
BRDA:16,10,0,0
BRDA:16,10,1,0
BRF:22
BRH:12
end_of_record
TN:
SF:src/paymentHandler.js
FN:1,processPayment
FNF:1
FNH:0
FNDA:0,processPayment
DA:2,0
DA:4,0
DA:5,0
DA:8,0
DA:10,0
DA:17,0
LF:6
LH:0
BRDA:4,0,0,0
BRDA:4,0,1,0
BRDA:4,1,0,0
BRDA:4,1,1,0
BRF:4
BRH:0
end_of_record
