TN:
SF:src/orderUtils.js
FN:5,validateOrder
FN:13,calculateDiscount
FN:20,calculateDiscountCopy
FNF:3
FNH:2
FNDA:2,validateOrder
FNDA:2,calculateDiscount
FNDA:0,calculateDiscountCopy
DA:6,2
DA:7,1
DA:8,1
DA:9,1
DA:14,2
DA:15,1
DA:16,1
DA:17,1
DA:21,0
DA:22,0
DA:23,0
DA:24,0
DA:27,1
LF:13
LH:9
BRDA:6,0,0,1
BRDA:6,0,1,1
BRDA:6,1,0,2
BRDA:6,1,1,1
BRDA:7,2,0,0
BRDA:7,2,1,1
BRDA:8,3,0,0
BRDA:8,3,1,1
BRDA:8,4,0,1
BRDA:8,4,1,1
BRDA:14,5,0,1
BRDA:14,5,1,1
BRDA:15,6,0,0
BRDA:15,6,1,1
BRDA:15,7,0,1
BRDA:15,7,1,1
BRDA:21,8,0,0
BRDA:21,8,1,0
BRDA:22,9,0,0
BRDA:22,9,1,0
BRDA:22,10,0,0
BRDA:22,10,1,0
BRF:22
BRH:13
end_of_record
TN:
SF:src/paymentHandler.js
FN:7,processPayment
FNF:1
FNH:0
FNDA:0,processPayment
DA:5,0
DA:9,0
DA:11,0
DA:12,0
DA:16,0
DA:18,0
DA:26,0
LF:7
LH:0
BRDA:11,0,0,0
BRDA:11,0,1,0
BRDA:11,1,0,0
BRDA:11,1,1,0
BRF:4
BRH:0
end_of_record
