<?xml version="1.0" encoding="UTF-8"?>
<coverage generated="1783015379818" clover="3.2.0">
  <project timestamp="1783015379818" name="All files">
    <metrics statements="8" coveredstatements="8" conditionals="8" coveredconditionals="5" methods="3" coveredmethods="3" elements="19" coveredelements="16" complexity="0" loc="8" ncloc="8" packages="1" files="1" classes="1"/>
    <file name="bookingHelpers.js" path="/Users/alejandro.toscano/Desktop/Universidad/Sw Seguro/Tercer Parcial/Laboratorios/Lab 3/taller-app-reservas/booking-service/src/utils/bookingHelpers.js">
      <metrics statements="8" coveredstatements="8" conditionals="8" coveredconditionals="5" methods="3" coveredmethods="3"/>
      <line num="2" count="2" type="stmt"/>
      <line num="3" count="2" type="cond" truecount="1" falsecount="1"/>
      <line num="4" count="2" type="stmt"/>
      <line num="8" count="1" type="cond" truecount="3" falsecount="1"/>
      <line num="9" count="1" type="stmt"/>
      <line num="13" count="1" type="cond" truecount="1" falsecount="1"/>
      <line num="14" count="1" type="stmt"/>
      <line num="17" count="1" type="stmt"/>
    </file>
  </project>
</coverage>
